1728366337.468860 2024-10-07 23:45:37 MainProcess-1808 MainThread-8052464704 parsl.dataflow.dflow:98 __init__ INFO: Starting DataFlowKernel with config
Config(
    app_cache=True, 
    checkpoint_files=None, 
    checkpoint_mode=None, 
    checkpoint_period=None, 
    dependency_resolver=None, 
    executors=(ThreadPoolExecutor(
        label='threads', 
        max_threads=5, 
        storage_access=None, 
        thread_name_prefix='', 
        working_dir=None
    ),), 
    exit_mode='cleanup', 
    garbage_collect=True, 
    initialize_logging=True, 
    internal_tasks_max_threads=10, 
    max_idletime=120.0, 
    monitoring=None, 
    project_name=None, 
    retries=0, 
    retry_handler=None, 
    run_dir='runinfo', 
    std_autopath=None, 
    strategy='simple', 
    strategy_period=5, 
    usage_tracking=0
)
1728366337.469189 2024-10-07 23:45:37 MainProcess-1808 MainThread-8052464704 parsl.dataflow.dflow:100 __init__ INFO: Parsl version: 2024.10.07
1728366337.469238 2024-10-07 23:45:37 MainProcess-1808 MainThread-8052464704 parsl.usage_tracking.usage:119 __init__ DEBUG: Tracking level: 0
1728366337.469275 2024-10-07 23:45:37 MainProcess-1808 MainThread-8052464704 parsl.dataflow.dflow:124 __init__ INFO: Run id is: 45c26aee-bc43-4419-9e18-4e136436de88
1728366337.486643 2024-10-07 23:45:37 MainProcess-1808 MainThread-8052464704 parsl.dataflow.dflow:131 __init__ DEBUG: Considering candidate for workflow name: /Users/munibahmed/Desktop/Parsl/Parallelized Web Scraping System/venv/lib/python3.12/site-packages/parsl/dataflow/dflow.py
1728366337.486690 2024-10-07 23:45:37 MainProcess-1808 MainThread-8052464704 parsl.dataflow.dflow:131 __init__ DEBUG: Considering candidate for workflow name: /Users/munibahmed/Desktop/Parsl/Parallelized Web Scraping System/venv/lib/python3.12/site-packages/parsl/dataflow/dflow.py
1728366337.486713 2024-10-07 23:45:37 MainProcess-1808 MainThread-8052464704 parsl.dataflow.dflow:131 __init__ DEBUG: Considering candidate for workflow name: /Users/munibahmed/Desktop/Parsl/Parallelized Web Scraping System/parsl_config.py
1728366337.486732 2024-10-07 23:45:37 MainProcess-1808 MainThread-8052464704 parsl.dataflow.dflow:137 __init__ DEBUG: Using parsl_config.py as workflow name
1728366337.486777 2024-10-07 23:45:37 MainProcess-1808 MainThread-8052464704 parsl.dataflow.memoization:163 __init__ INFO: App caching initialized
1728366337.486805 2024-10-07 23:45:37 MainProcess-1808 MainThread-8052464704 parsl.jobs.strategy:145 __init__ DEBUG: Scaling strategy: simple
1728366337.487341 2024-10-07 23:45:37 MainProcess-1808 MainThread-8052464704 parsl.dataflow.dflow:1012 submit DEBUG: Task 0 will be sent to executor threads
1728366337.487385 2024-10-07 23:45:37 MainProcess-1808 MainThread-8052464704 parsl.dataflow.dflow:814 _add_output_deps DEBUG: Adding output dependencies
1728366337.487406 2024-10-07 23:45:37 MainProcess-1808 MainThread-8052464704 parsl.dataflow.dflow:1063 submit DEBUG: Added output dependencies
1728366337.487423 2024-10-07 23:45:37 MainProcess-1808 MainThread-8052464704 parsl.dataflow.dflow:1076 submit DEBUG: Gathering dependencies
1728366337.487460 2024-10-07 23:45:37 MainProcess-1808 MainThread-8052464704 parsl.dataflow.dflow:1079 submit DEBUG: Gathered dependencies
1728366337.487478 2024-10-07 23:45:37 MainProcess-1808 MainThread-8052464704 parsl.dataflow.dflow:1094 submit INFO: Task 0 submitted for App parallel_parsl_scrape, not waiting on any dependency
1728366337.487501 2024-10-07 23:45:37 MainProcess-1808 MainThread-8052464704 parsl.dataflow.dflow:1100 submit DEBUG: Task 0 set to pending state with AppFuture: <AppFuture at 0x10dfcde80 state=pending>
1728366337.487623 2024-10-07 23:45:37 MainProcess-1808 Dependency-Launch_0-6123597824 parsl.dataflow.memoization:222 check_memo DEBUG: Task 0 will not be memoized
1728366337.487664 2024-10-07 23:45:37 MainProcess-1808 MainThread-8052464704 parsl.dataflow.dflow:1012 submit DEBUG: Task 1 will be sent to executor threads
1728366337.487892 2024-10-07 23:45:37 MainProcess-1808 MainThread-8052464704 parsl.dataflow.dflow:814 _add_output_deps DEBUG: Adding output dependencies
1728366337.487968 2024-10-07 23:45:37 MainProcess-1808 Dependency-Launch_0-6123597824 parsl.dataflow.dflow:772 launch_task INFO: Parsl task 0 try 0 launched on executor threads
1728366337.488012 2024-10-07 23:45:37 MainProcess-1808 MainThread-8052464704 parsl.dataflow.dflow:1063 submit DEBUG: Added output dependencies
1728366337.488067 2024-10-07 23:45:37 MainProcess-1808 Dependency-Launch_0-6123597824 parsl.dataflow.dflow:1470 log_std_stream INFO: Standard out for task 0 will not be redirected.
1728366337.488099 2024-10-07 23:45:37 MainProcess-1808 MainThread-8052464704 parsl.dataflow.dflow:1076 submit DEBUG: Gathering dependencies
1728366337.488124 2024-10-07 23:45:37 MainProcess-1808 Dependency-Launch_0-6123597824 parsl.dataflow.dflow:1470 log_std_stream INFO: Standard error for task 0 will not be redirected.
1728366337.488144 2024-10-07 23:45:37 MainProcess-1808 MainThread-8052464704 parsl.dataflow.dflow:1079 submit DEBUG: Gathered dependencies
1728366337.488177 2024-10-07 23:45:37 MainProcess-1808 Dependency-Launch_0-6123597824 parsl.process_loggers:27 wrapped DEBUG: Normal ending for _launch_if_ready_async on thread Dependency-Launch_0
1728366337.488290 2024-10-07 23:45:37 MainProcess-1808 MainThread-8052464704 parsl.dataflow.dflow:1094 submit INFO: Task 1 submitted for App parallel_parsl_scrape, not waiting on any dependency
1728366337.488502 2024-10-07 23:45:37 MainProcess-1808 MainThread-8052464704 parsl.dataflow.dflow:1100 submit DEBUG: Task 1 set to pending state with AppFuture: <AppFuture at 0x10dfce240 state=pending>
1728366337.488529 2024-10-07 23:45:37 MainProcess-1808 MainThread-8052464704 parsl.dataflow.dflow:1012 submit DEBUG: Task 2 will be sent to executor threads
1728366337.488562 2024-10-07 23:45:37 MainProcess-1808 Dependency-Launch_0-6123597824 parsl.dataflow.memoization:222 check_memo DEBUG: Task 1 will not be memoized
1728366337.488600 2024-10-07 23:45:37 MainProcess-1808 MainThread-8052464704 parsl.dataflow.dflow:814 _add_output_deps DEBUG: Adding output dependencies
1728366337.488713 2024-10-07 23:45:37 MainProcess-1808 MainThread-8052464704 parsl.dataflow.dflow:1063 submit DEBUG: Added output dependencies
1728366337.488733 2024-10-07 23:45:37 MainProcess-1808 Dependency-Launch_0-6123597824 parsl.dataflow.dflow:772 launch_task INFO: Parsl task 1 try 0 launched on executor threads
1728366337.488766 2024-10-07 23:45:37 MainProcess-1808 MainThread-8052464704 parsl.dataflow.dflow:1076 submit DEBUG: Gathering dependencies
1728366337.488872 2024-10-07 23:45:37 MainProcess-1808 Dependency-Launch_0-6123597824 parsl.dataflow.dflow:1470 log_std_stream INFO: Standard out for task 1 will not be redirected.
1728366337.488897 2024-10-07 23:45:37 MainProcess-1808 MainThread-8052464704 parsl.dataflow.dflow:1079 submit DEBUG: Gathered dependencies
1728366337.488921 2024-10-07 23:45:37 MainProcess-1808 Dependency-Launch_0-6123597824 parsl.dataflow.dflow:1470 log_std_stream INFO: Standard error for task 1 will not be redirected.
1728366337.488939 2024-10-07 23:45:37 MainProcess-1808 MainThread-8052464704 parsl.dataflow.dflow:1094 submit INFO: Task 2 submitted for App parallel_parsl_scrape, not waiting on any dependency
1728366337.488964 2024-10-07 23:45:37 MainProcess-1808 Dependency-Launch_0-6123597824 parsl.process_loggers:27 wrapped DEBUG: Normal ending for _launch_if_ready_async on thread Dependency-Launch_0
1728366337.488988 2024-10-07 23:45:37 MainProcess-1808 MainThread-8052464704 parsl.dataflow.dflow:1100 submit DEBUG: Task 2 set to pending state with AppFuture: <AppFuture at 0x10dfcea80 state=pending>
1728366337.489029 2024-10-07 23:45:37 MainProcess-1808 MainThread-8052464704 parsl.dataflow.dflow:1012 submit DEBUG: Task 3 will be sent to executor threads
1728366337.489049 2024-10-07 23:45:37 MainProcess-1808 Dependency-Launch_0-6123597824 parsl.dataflow.memoization:222 check_memo DEBUG: Task 2 will not be memoized
1728366337.489120 2024-10-07 23:45:37 MainProcess-1808 MainThread-8052464704 parsl.dataflow.dflow:814 _add_output_deps DEBUG: Adding output dependencies
1728366337.489248 2024-10-07 23:45:37 MainProcess-1808 MainThread-8052464704 parsl.dataflow.dflow:1063 submit DEBUG: Added output dependencies
1728366337.489266 2024-10-07 23:45:37 MainProcess-1808 Dependency-Launch_0-6123597824 parsl.dataflow.dflow:772 launch_task INFO: Parsl task 2 try 0 launched on executor threads
1728366337.489780 2024-10-07 23:45:37 MainProcess-1808 MainThread-8052464704 parsl.dataflow.dflow:1076 submit DEBUG: Gathering dependencies
1728366337.489972 2024-10-07 23:45:37 MainProcess-1808 Dependency-Launch_0-6123597824 parsl.dataflow.dflow:1470 log_std_stream INFO: Standard out for task 2 will not be redirected.
1728366337.489997 2024-10-07 23:45:37 MainProcess-1808 MainThread-8052464704 parsl.dataflow.dflow:1079 submit DEBUG: Gathered dependencies
1728366337.490023 2024-10-07 23:45:37 MainProcess-1808 Dependency-Launch_0-6123597824 parsl.dataflow.dflow:1470 log_std_stream INFO: Standard error for task 2 will not be redirected.
1728366337.490185 2024-10-07 23:45:37 MainProcess-1808 MainThread-8052464704 parsl.dataflow.dflow:1094 submit INFO: Task 3 submitted for App parallel_parsl_scrape, not waiting on any dependency
1728366337.490220 2024-10-07 23:45:37 MainProcess-1808 Dependency-Launch_0-6123597824 parsl.process_loggers:27 wrapped DEBUG: Normal ending for _launch_if_ready_async on thread Dependency-Launch_0
1728366337.490251 2024-10-07 23:45:37 MainProcess-1808 MainThread-8052464704 parsl.dataflow.dflow:1100 submit DEBUG: Task 3 set to pending state with AppFuture: <AppFuture at 0x10dfcf200 state=pending>
1728366337.490298 2024-10-07 23:45:37 MainProcess-1808 MainThread-8052464704 parsl.dataflow.dflow:1012 submit DEBUG: Task 4 will be sent to executor threads
1728366337.490320 2024-10-07 23:45:37 MainProcess-1808 Dependency-Launch_0-6123597824 parsl.dataflow.memoization:222 check_memo DEBUG: Task 3 will not be memoized
1728366337.490346 2024-10-07 23:45:37 MainProcess-1808 MainThread-8052464704 parsl.dataflow.dflow:814 _add_output_deps DEBUG: Adding output dependencies
1728366337.490462 2024-10-07 23:45:37 MainProcess-1808 Dependency-Launch_0-6123597824 parsl.dataflow.dflow:772 launch_task INFO: Parsl task 3 try 0 launched on executor threads
1728366337.490567 2024-10-07 23:45:37 MainProcess-1808 MainThread-8052464704 parsl.dataflow.dflow:1063 submit DEBUG: Added output dependencies
1728366337.490597 2024-10-07 23:45:37 MainProcess-1808 Dependency-Launch_0-6123597824 parsl.dataflow.dflow:1470 log_std_stream INFO: Standard out for task 3 will not be redirected.
1728366337.490646 2024-10-07 23:45:37 MainProcess-1808 MainThread-8052464704 parsl.dataflow.dflow:1076 submit DEBUG: Gathering dependencies
1728366337.490666 2024-10-07 23:45:37 MainProcess-1808 Dependency-Launch_0-6123597824 parsl.dataflow.dflow:1470 log_std_stream INFO: Standard error for task 3 will not be redirected.
1728366337.490822 2024-10-07 23:45:37 MainProcess-1808 MainThread-8052464704 parsl.dataflow.dflow:1079 submit DEBUG: Gathered dependencies
1728366337.490868 2024-10-07 23:45:37 MainProcess-1808 Dependency-Launch_0-6123597824 parsl.process_loggers:27 wrapped DEBUG: Normal ending for _launch_if_ready_async on thread Dependency-Launch_0
1728366337.490894 2024-10-07 23:45:37 MainProcess-1808 MainThread-8052464704 parsl.dataflow.dflow:1094 submit INFO: Task 4 submitted for App parallel_parsl_scrape, not waiting on any dependency
1728366337.490937 2024-10-07 23:45:37 MainProcess-1808 MainThread-8052464704 parsl.dataflow.dflow:1100 submit DEBUG: Task 4 set to pending state with AppFuture: <AppFuture at 0x10dfcfaa0 state=pending>
1728366337.490973 2024-10-07 23:45:37 MainProcess-1808 Dependency-Launch_0-6123597824 parsl.dataflow.memoization:222 check_memo DEBUG: Task 4 will not be memoized
1728366337.491140 2024-10-07 23:45:37 MainProcess-1808 Dependency-Launch_0-6123597824 parsl.dataflow.dflow:772 launch_task INFO: Parsl task 4 try 0 launched on executor threads
1728366337.491158 2024-10-07 23:45:37 MainProcess-1808 Dependency-Launch_0-6123597824 parsl.dataflow.dflow:1470 log_std_stream INFO: Standard out for task 4 will not be redirected.
1728366337.491200 2024-10-07 23:45:37 MainProcess-1808 Dependency-Launch_0-6123597824 parsl.dataflow.dflow:1470 log_std_stream INFO: Standard error for task 4 will not be redirected.
1728366337.491216 2024-10-07 23:45:37 MainProcess-1808 Dependency-Launch_0-6123597824 parsl.process_loggers:27 wrapped DEBUG: Normal ending for _launch_if_ready_async on thread Dependency-Launch_0
1728366337.568517 2024-10-07 23:45:37 MainProcess-1808 ThreadPoolExecutor-0_1-6157250560 parsl.dataflow.dflow:593 _complete_task INFO: Task 1 completed (launched -> exec_done)
1728366337.568595 2024-10-07 23:45:37 MainProcess-1808 ThreadPoolExecutor-0_1-6157250560 parsl.dataflow.dflow:1470 log_std_stream INFO: Standard out for task 1 will not be redirected.
1728366337.568622 2024-10-07 23:45:37 MainProcess-1808 ThreadPoolExecutor-0_1-6157250560 parsl.dataflow.dflow:1470 log_std_stream INFO: Standard error for task 1 will not be redirected.
1728366337.631453 2024-10-07 23:45:37 MainProcess-1808 ThreadPoolExecutor-0_0-6140424192 parsl.dataflow.dflow:593 _complete_task INFO: Task 0 completed (launched -> exec_done)
1728366337.631612 2024-10-07 23:45:37 MainProcess-1808 ThreadPoolExecutor-0_0-6140424192 parsl.dataflow.dflow:1470 log_std_stream INFO: Standard out for task 0 will not be redirected.
1728366337.631683 2024-10-07 23:45:37 MainProcess-1808 ThreadPoolExecutor-0_0-6140424192 parsl.dataflow.dflow:1470 log_std_stream INFO: Standard error for task 0 will not be redirected.
1728366337.924989 2024-10-07 23:45:37 MainProcess-1808 ThreadPoolExecutor-0_2-6174076928 parsl.dataflow.dflow:593 _complete_task INFO: Task 2 completed (launched -> exec_done)
1728366337.925150 2024-10-07 23:45:37 MainProcess-1808 ThreadPoolExecutor-0_2-6174076928 parsl.dataflow.dflow:1470 log_std_stream INFO: Standard out for task 2 will not be redirected.
1728366337.925231 2024-10-07 23:45:37 MainProcess-1808 ThreadPoolExecutor-0_2-6174076928 parsl.dataflow.dflow:1470 log_std_stream INFO: Standard error for task 2 will not be redirected.
1728366338.022149 2024-10-07 23:45:38 MainProcess-1808 ThreadPoolExecutor-0_4-6207729664 parsl.dataflow.dflow:593 _complete_task INFO: Task 4 completed (launched -> exec_done)
1728366338.022238 2024-10-07 23:45:38 MainProcess-1808 ThreadPoolExecutor-0_4-6207729664 parsl.dataflow.dflow:1470 log_std_stream INFO: Standard out for task 4 will not be redirected.
1728366338.022272 2024-10-07 23:45:38 MainProcess-1808 ThreadPoolExecutor-0_4-6207729664 parsl.dataflow.dflow:1470 log_std_stream INFO: Standard error for task 4 will not be redirected.
1728366338.541965 2024-10-07 23:45:38 MainProcess-1808 ThreadPoolExecutor-0_3-6190903296 parsl.dataflow.dflow:593 _complete_task INFO: Task 3 completed (launched -> exec_done)
1728366338.542073 2024-10-07 23:45:38 MainProcess-1808 ThreadPoolExecutor-0_3-6190903296 parsl.dataflow.dflow:1470 log_std_stream INFO: Standard out for task 3 will not be redirected.
1728366338.542222 2024-10-07 23:45:38 MainProcess-1808 ThreadPoolExecutor-0_3-6190903296 parsl.dataflow.dflow:1470 log_std_stream INFO: Standard error for task 3 will not be redirected.
1728366338.545783 2024-10-07 23:45:38 MainProcess-1808 MainThread-8052464704 parsl.dataflow.dflow:1202 atexit_cleanup WARNING: Python is exiting with a DFK still running. You should call parsl.dfk().cleanup() before exiting to release any resources
